[0416/161102.025:WARNING:minidump_to_upload_parameters.cc(36)] duplicate key guid, discarding value 2f0b1a5d-0acf-4f73-b17f-c3234a747dbe
[0416/161316.291:WARNING:minidump_to_upload_parameters.cc(36)] duplicate key guid, discarding value 2f0b1a5d-0acf-4f73-b17f-c3234a747dbe
[0416/162851.653:WARNING:minidump_to_upload_parameters.cc(36)] duplicate key guid, discarding value 2f0b1a5d-0acf-4f73-b17f-c3234a747dbe
[0416/170029.655:WARNING:minidump_to_upload_parameters.cc(36)] duplicate key guid, discarding value 2f0b1a5d-0acf-4f73-b17f-c3234a747dbe
[0416/170808.822:WARNING:minidump_to_upload_parameters.cc(36)] duplicate key guid, discarding value 2f0b1a5d-0acf-4f73-b17f-c3234a747dbe
[0416/205637.895:WARNING:minidump_to_upload_parameters.cc(36)] duplicate key guid, discarding value 2f0b1a5d-0acf-4f73-b17f-c3234a747dbe
[0416/210152.261:WARNING:minidump_to_upload_parameters.cc(36)] duplicate key guid, discarding value 2f0b1a5d-0acf-4f73-b17f-c3234a747dbe
[0420/154948.636:ERROR:file_io.cc(89)] ReadExactly: expected 152, observed 120
[0420/155456.158:WARNING:minidump_to_upload_parameters.cc(36)] duplicate key guid, discarding value f83e23e3-7df9-4978-b2af-d5d33b83803c
[0420/161440.523:WARNING:minidump_to_upload_parameters.cc(36)] duplicate key guid, discarding value f83e23e3-7df9-4978-b2af-d5d33b83803c
[0429/154040.848:WARNING:minidump_to_upload_parameters.cc(36)] duplicate key guid, discarding value f83e23e3-7df9-4978-b2af-d5d33b83803c
[1008/163316.448:WARNING:minidump_to_upload_parameters.cc(67)] duplicate annotation name osarch, discarding value x86_64
[1008/163316.462:WARNING:minidump_to_upload_parameters.cc(67)] duplicate annotation name pid, discarding value 10448
[1008/163316.462:WARNING:minidump_to_upload_parameters.cc(67)] duplicate annotation name ptype, discarding value utility
[1008/163353.586:ERROR:process_reader_win.cc(151)] SuspendThread: Access is denied. (0x5)
[1008/163608.485:ERROR:process_reader_win.cc(151)] SuspendThread: Access is denied. (0x5)
[1008/164149.974:ERROR:process_reader_win.cc(151)] SuspendThread: Access is denied. (0x5)
[1008/170906.386:WARNING:minidump_to_upload_parameters.cc(67)] duplicate annotation name osarch, discarding value x86_64
[1008/170906.387:WARNING:minidump_to_upload_parameters.cc(67)] duplicate annotation name pid, discarding value 9808
[1008/170906.387:WARNING:minidump_to_upload_parameters.cc(67)] duplicate annotation name ptype, discarding value utility
[1008/171100.284:ERROR:process_reader_win.cc(151)] SuspendThread: Access is denied. (0x5)
[1008/171236.011:ERROR:process_reader_win.cc(151)] SuspendThread: Access is denied. (0x5)
[1008/171323.073:ERROR:process_reader_win.cc(151)] SuspendThread: Access is denied. (0x5)
[1012/203649.067:ERROR:settings.cc(430)] Settings version is not 5
[1012/204649.085:ERROR:directory_reader_win.cc(43)] FindFirstFile: The system cannot find the path specified. (0x3)
[1013/195855.629:ERROR:directory_reader_win.cc(43)] FindFirstFile: The system cannot find the path specified. (0x3)
[1013/202442.609:ERROR:directory_reader_win.cc(43)] FindFirstFile: The system cannot find the path specified. (0x3)
[1013/212304.534:ERROR:directory_reader_win.cc(43)] FindFirstFile: The system cannot find the path specified. (0x3)
[1014/103418.260:ERROR:directory_reader_win.cc(43)] FindFirstFile: The system cannot find the path specified. (0x3)
[1014/150751.199:ERROR:directory_reader_win.cc(43)] FindFirstFile: The system cannot find the path specified. (0x3)
[1015/184523.582:ERROR:directory_reader_win.cc(43)] FindFirstFile: The system cannot find the path specified. (0x3)
[1015/191148.839:ERROR:directory_reader_win.cc(43)] FindFirstFile: The system cannot find the path specified. (0x3)
[1015/192457.485:ERROR:directory_reader_win.cc(43)] FindFirstFile: The system cannot find the path specified. (0x3)
[1021/162409.512:ERROR:directory_reader_win.cc(43)] FindFirstFile: The system cannot find the path specified. (0x3)
[1028/193809.255:ERROR:directory_reader_win.cc(43)] FindFirstFile: The system cannot find the path specified. (0x3)
